==10933== Memcheck, a memory error detector
==10933== Copyright (C) 2002-2017, and GNU GPL'd, by Julian Seward et al.
==10933== Using Valgrind-3.15.0 and LibVEX; rerun with -h for copyright info
==10933== Command: /usr/bin/wc
==10933== Parent PID: 10930
==10933== ==10930== 
==10930== FILE DESCRIPTORS: 4 open at exit.
==10930== Open file descriptor 3: /mnt/nfs/homes/aasli/Desktop/remote/Minishell/valgrind_ret.log
==10930==    <inherited from parent>
==10930== 
==10930== Open file descriptor 2: /dev/pts/0
==10930==    <inherited from parent>
==10930== 
==10930== Open file descriptor 1: /dev/pts/0
==10930==    <inherited from parent>
==10930== 
==10930== Open file descriptor 0: /dev/pts/0
==10930==    <inherited from parent>
==10930== 
==10930== 
==10930== HEAP SUMMARY:
==10930==     in use at exit: 200,601 bytes in 214 blocks
==10930==   total heap usage: 606 allocs, 392 frees, 224,912 bytes allocated
==10930== 
==10930== LEAK SUMMARY:
==10930==    definitely lost: 0 bytes in 0 blocks
==10930==    indirectly lost: 0 bytes in 0 blocks
==10930==      possibly lost: 0 bytes in 0 blocks
==10930==    still reachable: 0 bytes in 0 blocks
==10930==         suppressed: 200,601 bytes in 214 blocks
==10930== 
==10930== For lists of detected and suppressed errors, rerun with: -s
==10930== ERROR SUMMARY: 0 errors from 0 contexts (suppressed: 0 from 0)
ocated
==10932== 
==10932== 48 bytes in 1 blocks are still reachable in loss record 1 of 2
==10932==    at 0x483B7F3: malloc (in /usr/lib/x86_64-linux-gnu/valgrind/vgpreload_memcheck-amd64-linux.so)
==10932==    by 0x10C3F1: ??? (in /usr/bin/wc)
==10932==    by 0x10AF3E: ??? (in /usr/bin/wc)
==10932==    by 0x4888082: (below main) (libc-start.c:308)
==10932== 
==10932== 152 bytes in 1 blocks are still reachable in loss record 2 of 2
==10932==    at 0x483B7F3: malloc (in /usr/lib/x86_64-linux-gnu/valgrind/vgpreload_memcheck-amd64-linux.so)
==10932==    by 0x10F18C: ??? (in /usr/bin/wc)
==10932==    by 0x10AF56: ??? (in /usr/bin/wc)
==10932==    by 0x4888082: (below main) (libc-start.c:308)
==10932== 
==10932== LEAK SUMMARY:
==10932==    definitely lost: 0 bytes in 0 blocks
==10932==    indirectly lost: 0 bytes in 0 blocks
==10932==      possibly lost: 0 bytes in 0 blocks
==10932==    still reachable: 200 bytes in 2 blocks
==10932==         suppressed: 0 bytes in 0 blocks
==10932== 
==10932== For lists of detected and suppressed errors, rerun with: -s
==10932== ERROR SUMMARY: 0 errors from 0 contexts (suppressed: 0 from 0)
